This file contains any messages produced by compilers while
running configure, to aid debugging if configure makes a mistake.

It was created by Check configure 0.9.8, which was
generated by GNU Autoconf 2.69.  Invocation command line was

  $ ./configure 

## --------- ##
## Platform. ##
## --------- ##

hostname = malego-desktop
uname -m = x86_64
uname -r = 4.10.0-42-generic
uname -s = Linux
uname -v = #46-Ubuntu SMP Mon Dec 4 14:38:01 UTC 2017

/usr/bin/uname -p = unknown
/bin/uname -X     = unknown

/bin/arch              = unknown
/usr/bin/arch -k       = unknown
/usr/convex/getsysinfo = unknown
/usr/bin/hostinfo      = unknown
/bin/machine           = unknown
/usr/bin/oslevel       = unknown
/bin/universe          = unknown

PATH: /usr/local/sbin
PATH: /usr/local/bin
PATH: /usr/sbin
PATH: /usr/bin
PATH: /sbin
PATH: /bin
PATH: /usr/games
PATH: /usr/local/games
PATH: /snap/bin


## ----------- ##
## Core tests. ##
## ----------- ##

configure:2745: checking for gcc
configure:2761: found /usr/bin/gcc
configure:2772: result: gcc
configure:3001: checking for C compiler version
configure:3010: gcc --version >&5
gcc (Ubuntu 6.3.0-12ubuntu2) 6.3.0 20170406
Copyright (C) 2016 Free Software Foundation, Inc.
This is free software; see the source for copying conditions.  There is NO
warranty; not even for MERCHANTABILITY or FITNESS FOR A PARTICULAR PURPOSE.

configure:3021: $? = 0
configure:3010: gcc -v >&5
Using built-in specs.
COLLECT_GCC=gcc
COLLECT_LTO_WRAPPER=/usr/lib/gcc/x86_64-linux-gnu/6/lto-wrapper
Target: x86_64-linux-gnu
Configured with: ../src/configure -v --with-pkgversion='Ubuntu 6.3.0-12ubuntu2' --with-bugurl=file:///usr/share/doc/gcc-6/README.Bugs --enable-languages=c,ada,c++,java,go,d,fortran,objc,obj-c++ --prefix=/usr --program-suffix=-6 --program-prefix=x86_64-linux-gnu- --enable-shared --enable-linker-build-id --libexecdir=/usr/lib --without-included-gettext --enable-threads=posix --libdir=/usr/lib --enable-nls --with-sysroot=/ --enable-clocale=gnu --enable-libstdcxx-debug --enable-libstdcxx-time=yes --with-default-libstdcxx-abi=new --enable-gnu-unique-object --disable-vtable-verify --enable-libmpx --enable-plugin --enable-default-pie --with-system-zlib --disable-browser-plugin --enable-java-awt=gtk --enable-gtk-cairo --with-java-home=/usr/lib/jvm/java-1.5.0-gcj-6-amd64/jre --enable-java-home --with-jvm-root-dir=/usr/lib/jvm/java-1.5.0-gcj-6-amd64 --with-jvm-jar-dir=/usr/lib/jvm-exports/java-1.5.0-gcj-6-amd64 --with-arch-directory=amd64 --with-ecj-jar=/usr/share/java/eclipse-ecj.jar --with-target-system-zlib --enable-objc-gc=auto --enable-multiarch --disable-werror --with-arch-32=i686 --with-abi=m64 --with-multilib-list=m32,m64,mx32 --enable-multilib --with-tune=generic --enable-checking=release --build=x86_64-linux-gnu --host=x86_64-linux-gnu --target=x86_64-linux-gnu
Thread model: posix
gcc version 6.3.0 20170406 (Ubuntu 6.3.0-12ubuntu2) 
configure:3021: $? = 0
configure:3010: gcc -V >&5
gcc: error: unrecognized command line option '-V'
gcc: fatal error: no input files
compilation terminated.
configure:3021: $? = 1
configure:3010: gcc -qversion >&5
gcc: error: unrecognized command line option '-qversion'; did you mean '--version'?
gcc: fatal error: no input files
compilation terminated.
configure:3021: $? = 1
configure:3041: checking whether the C compiler works
configure:3063: gcc    conftest.c  >&5
configure:3067: $? = 0
configure:3115: result: yes
configure:3118: checking for C compiler default output file name
configure:3120: result: a.out
configure:3126: checking for suffix of executables
configure:3133: gcc -o conftest    conftest.c  >&5
configure:3137: $? = 0
configure:3159: result: 
configure:3181: checking whether we are cross compiling
configure:3189: gcc -o conftest    conftest.c  >&5
configure:3193: $? = 0
configure:3200: ./conftest
configure:3204: $? = 0
configure:3219: result: no
configure:3224: checking for suffix of object files
configure:3246: gcc -c   conftest.c >&5
configure:3250: $? = 0
configure:3271: result: o
configure:3275: checking whether we are using the GNU C compiler
configure:3294: gcc -c   conftest.c >&5
configure:3294: $? = 0
configure:3303: result: yes
configure:3312: checking whether gcc accepts -g
configure:3332: gcc -c -g  conftest.c >&5
configure:3332: $? = 0
configure:3373: result: yes
configure:3390: checking for gcc option to accept ISO C89
configure:3453: gcc  -c -g -O2  conftest.c >&5
configure:3453: $? = 0
configure:3466: result: none needed
configure:3492: checking how to run the C preprocessor
configure:3523: gcc -E  conftest.c
configure:3523: $? = 0
configure:3537: gcc -E  conftest.c
conftest.c:9:28: fatal error: ac_nonexistent.h: No such file or directory
 #include <ac_nonexistent.h>
                            ^
compilation terminated.
configure:3537: $? = 1
configure: failed program was:
| /* confdefs.h */
| #define PACKAGE_NAME "Check"
| #define PACKAGE_TARNAME "check"
| #define PACKAGE_VERSION "0.9.8"
| #define PACKAGE_STRING "Check 0.9.8"
| #define PACKAGE_BUGREPORT "check-devel at lists dot sourceforge dot net"
| #define PACKAGE_URL ""
| /* end confdefs.h.  */
| #include <ac_nonexistent.h>
configure:3562: result: gcc -E
configure:3582: gcc -E  conftest.c
configure:3582: $? = 0
configure:3596: gcc -E  conftest.c
conftest.c:9:28: fatal error: ac_nonexistent.h: No such file or directory
 #include <ac_nonexistent.h>
                            ^
compilation terminated.
configure:3596: $? = 1
configure: failed program was:
| /* confdefs.h */
| #define PACKAGE_NAME "Check"
| #define PACKAGE_TARNAME "check"
| #define PACKAGE_VERSION "0.9.8"
| #define PACKAGE_STRING "Check 0.9.8"
| #define PACKAGE_BUGREPORT "check-devel at lists dot sourceforge dot net"
| #define PACKAGE_URL ""
| /* end confdefs.h.  */
| #include <ac_nonexistent.h>
configure:3625: checking for grep that handles long lines and -e
configure:3683: result: /bin/grep
configure:3688: checking for egrep
configure:3750: result: /bin/grep -E
configure:3755: checking for ANSI C header files
configure:3775: gcc -c -g -O2  conftest.c >&5
configure:3775: $? = 0
configure:3848: gcc -o conftest -g -O2   conftest.c  >&5
configure:3848: $? = 0
configure:3848: ./conftest
configure:3848: $? = 0
configure:3859: result: yes
configure:3872: checking for sys/types.h
configure:3872: gcc -c -g -O2  conftest.c >&5
configure:3872: $? = 0
configure:3872: result: yes
configure:3872: checking for sys/stat.h
configure:3872: gcc -c -g -O2  conftest.c >&5
configure:3872: $? = 0
configure:3872: result: yes
configure:3872: checking for stdlib.h
configure:3872: gcc -c -g -O2  conftest.c >&5
configure:3872: $? = 0
configure:3872: result: yes
configure:3872: checking for string.h
configure:3872: gcc -c -g -O2  conftest.c >&5
configure:3872: $? = 0
configure:3872: result: yes
configure:3872: checking for memory.h
configure:3872: gcc -c -g -O2  conftest.c >&5
configure:3872: $? = 0
configure:3872: result: yes
configure:3872: checking for strings.h
configure:3872: gcc -c -g -O2  conftest.c >&5
configure:3872: $? = 0
configure:3872: result: yes
configure:3872: checking for inttypes.h
configure:3872: gcc -c -g -O2  conftest.c >&5
configure:3872: $? = 0
configure:3872: result: yes
configure:3872: checking for stdint.h
configure:3872: gcc -c -g -O2  conftest.c >&5
configure:3872: $? = 0
configure:3872: result: yes
configure:3872: checking for unistd.h
configure:3872: gcc -c -g -O2  conftest.c >&5
configure:3872: $? = 0
configure:3872: result: yes
configure:3885: checking minix/config.h usability
configure:3885: gcc -c -g -O2  conftest.c >&5
conftest.c:52:26: fatal error: minix/config.h: No such file or directory
 #include <minix/config.h>
                          ^
compilation terminated.
configure:3885: $? = 1
configure: failed program was:
| /* confdefs.h */
| #define PACKAGE_NAME "Check"
| #define PACKAGE_TARNAME "check"
| #define PACKAGE_VERSION "0.9.8"
| #define PACKAGE_STRING "Check 0.9.8"
| #define PACKAGE_BUGREPORT "check-devel at lists dot sourceforge dot net"
| #define PACKAGE_URL ""
| #define STDC_HEADERS 1
| #define HAVE_SYS_TYPES_H 1
| #define HAVE_SYS_STAT_H 1
| #define HAVE_STDLIB_H 1
| #define HAVE_STRING_H 1
| #define HAVE_MEMORY_H 1
| #define HAVE_STRINGS_H 1
| #define HAVE_INTTYPES_H 1
| #define HAVE_STDINT_H 1
| #define HAVE_UNISTD_H 1
| /* end confdefs.h.  */
| #include <stdio.h>
| #ifdef HAVE_SYS_TYPES_H
| # include <sys/types.h>
| #endif
| #ifdef HAVE_SYS_STAT_H
| # include <sys/stat.h>
| #endif
| #ifdef STDC_HEADERS
| # include <stdlib.h>
| # include <stddef.h>
| #else
| # ifdef HAVE_STDLIB_H
| #  include <stdlib.h>
| # endif
| #endif
| #ifdef HAVE_STRING_H
| # if !defined STDC_HEADERS && defined HAVE_MEMORY_H
| #  include <memory.h>
| # endif
| # include <string.h>
| #endif
| #ifdef HAVE_STRINGS_H
| # include <strings.h>
| #endif
| #ifdef HAVE_INTTYPES_H
| # include <inttypes.h>
| #endif
| #ifdef HAVE_STDINT_H
| # include <stdint.h>
| #endif
| #ifdef HAVE_UNISTD_H
| # include <unistd.h>
| #endif
| #include <minix/config.h>
configure:3885: result: no
configure:3885: checking minix/config.h presence
configure:3885: gcc -E  conftest.c
conftest.c:19:26: fatal error: minix/config.h: No such file or directory
 #include <minix/config.h>
                          ^
compilation terminated.
configure:3885: $? = 1
configure: failed program was:
| /* confdefs.h */
| #define PACKAGE_NAME "Check"
| #define PACKAGE_TARNAME "check"
| #define PACKAGE_VERSION "0.9.8"
| #define PACKAGE_STRING "Check 0.9.8"
| #define PACKAGE_BUGREPORT "check-devel at lists dot sourceforge dot net"
| #define PACKAGE_URL ""
| #define STDC_HEADERS 1
| #define HAVE_SYS_TYPES_H 1
| #define HAVE_SYS_STAT_H 1
| #define HAVE_STDLIB_H 1
| #define HAVE_STRING_H 1
| #define HAVE_MEMORY_H 1
| #define HAVE_STRINGS_H 1
| #define HAVE_INTTYPES_H 1
| #define HAVE_STDINT_H 1
| #define HAVE_UNISTD_H 1
| /* end confdefs.h.  */
| #include <minix/config.h>
configure:3885: result: no
configure:3885: checking for minix/config.h
configure:3885: result: no
configure:3906: checking whether it is safe to define __EXTENSIONS__
configure:3924: gcc -c -g -O2  conftest.c >&5
configure:3924: $? = 0
configure:3931: result: yes
configure:3963: checking for a BSD-compatible install
configure:4031: result: /usr/bin/install -c
configure:4042: checking whether build environment is sane
configure:4079: result: yes
configure:4104: checking for a thread-safe mkdir -p
configure:4143: result: /bin/mkdir -p
configure:4156: checking for gawk
configure:4172: found /usr/bin/gawk
configure:4183: result: gawk
configure:4194: checking whether make sets $(MAKE)
configure:4216: result: yes
configure:4246: checking for style of include used by make
configure:4274: result: GNU
configure:4461: checking dependency style of gcc
configure:4552: result: gcc3
configure:4659: checking for gawk
configure:4686: result: gawk
configure:4745: checking for gcc
configure:4772: result: gcc
configure:5001: checking for C compiler version
configure:5010: gcc --version >&5
gcc (Ubuntu 6.3.0-12ubuntu2) 6.3.0 20170406
Copyright (C) 2016 Free Software Foundation, Inc.
This is free software; see the source for copying conditions.  There is NO
warranty; not even for MERCHANTABILITY or FITNESS FOR A PARTICULAR PURPOSE.

configure:5021: $? = 0
configure:5010: gcc -v >&5
Using built-in specs.
COLLECT_GCC=gcc
COLLECT_LTO_WRAPPER=/usr/lib/gcc/x86_64-linux-gnu/6/lto-wrapper
Target: x86_64-linux-gnu
Configured with: ../src/configure -v --with-pkgversion='Ubuntu 6.3.0-12ubuntu2' --with-bugurl=file:///usr/share/doc/gcc-6/README.Bugs --enable-languages=c,ada,c++,java,go,d,fortran,objc,obj-c++ --prefix=/usr --program-suffix=-6 --program-prefix=x86_64-linux-gnu- --enable-shared --enable-linker-build-id --libexecdir=/usr/lib --without-included-gettext --enable-threads=posix --libdir=/usr/lib --enable-nls --with-sysroot=/ --enable-clocale=gnu --enable-libstdcxx-debug --enable-libstdcxx-time=yes --with-default-libstdcxx-abi=new --enable-gnu-unique-object --disable-vtable-verify --enable-libmpx --enable-plugin --enable-default-pie --with-system-zlib --disable-browser-plugin --enable-java-awt=gtk --enable-gtk-cairo --with-java-home=/usr/lib/jvm/java-1.5.0-gcj-6-amd64/jre --enable-java-home --with-jvm-root-dir=/usr/lib/jvm/java-1.5.0-gcj-6-amd64 --with-jvm-jar-dir=/usr/lib/jvm-exports/java-1.5.0-gcj-6-amd64 --with-arch-directory=amd64 --with-ecj-jar=/usr/share/java/eclipse-ecj.jar --with-target-system-zlib --enable-objc-gc=auto --enable-multiarch --disable-werror --with-arch-32=i686 --with-abi=m64 --with-multilib-list=m32,m64,mx32 --enable-multilib --with-tune=generic --enable-checking=release --build=x86_64-linux-gnu --host=x86_64-linux-gnu --target=x86_64-linux-gnu
Thread model: posix
gcc version 6.3.0 20170406 (Ubuntu 6.3.0-12ubuntu2) 
configure:5021: $? = 0
configure:5010: gcc -V >&5
gcc: error: unrecognized command line option '-V'
gcc: fatal error: no input files
compilation terminated.
configure:5021: $? = 1
configure:5010: gcc -qversion >&5
gcc: error: unrecognized command line option '-qversion'; did you mean '--version'?
gcc: fatal error: no input files
compilation terminated.
configure:5021: $? = 1
configure:5025: checking whether we are using the GNU C compiler
configure:5053: result: yes
configure:5062: checking whether gcc accepts -g
configure:5123: result: yes
configure:5140: checking for gcc option to accept ISO C89
configure:5216: result: none needed
configure:5238: checking whether gcc and cc understand -c and -o together
configure:5269: gcc -c conftest.c -o conftest2.o >&5
configure:5273: $? = 0
configure:5279: gcc -c conftest.c -o conftest2.o >&5
configure:5283: $? = 0
configure:5294: cc -c conftest.c >&5
configure:5298: $? = 0
configure:5306: cc -c conftest.c -o conftest2.o >&5
configure:5310: $? = 0
configure:5316: cc -c conftest.c -o conftest2.o >&5
configure:5320: $? = 0
configure:5338: result: yes
configure:5364: checking whether ln -s works
configure:5368: result: yes
configure:5404: checking build system type
configure:5418: result: x86_64-unknown-linux-gnu
configure:5438: checking host system type
configure:5451: result: x86_64-unknown-linux-gnu
configure:5471: checking for a sed that does not truncate output
configure:5535: result: /bin/sed
configure:5553: checking for fgrep
configure:5615: result: /bin/grep -F
configure:5650: checking for ld used by gcc
configure:5717: result: /usr/bin/ld
configure:5724: checking if the linker (/usr/bin/ld) is GNU ld
configure:5739: result: yes
configure:5751: checking for BSD- or MS-compatible name lister (nm)
configure:5800: result: /usr/bin/nm -B
configure:5918: checking the name lister (/usr/bin/nm -B) interface
configure:5925: gcc -c -g -O2  conftest.c >&5
configure:5928: /usr/bin/nm -B "conftest.o"
configure:5931: output
0000000000000000 B some_variable
configure:5938: result: BSD nm
configure:5942: checking the maximum length of command line arguments
configure:6062: result: 1572864
configure:6079: checking whether the shell understands some XSI constructs
configure:6089: result: yes
configure:6093: checking whether the shell understands "+="
configure:6099: result: yes
configure:6134: checking for /usr/bin/ld option to reload object files
configure:6141: result: -r
configure:6210: checking for objdump
configure:6226: found /usr/bin/objdump
configure:6237: result: objdump
configure:6269: checking how to recognize dependent libraries
configure:6465: result: pass_all
configure:6525: checking for ar
configure:6541: found /usr/bin/ar
configure:6552: result: ar
configure:6630: checking for strip
configure:6646: found /usr/bin/strip
configure:6657: result: strip
configure:6729: checking for ranlib
configure:6745: found /usr/bin/ranlib
configure:6756: result: ranlib
configure:6846: checking command to parse /usr/bin/nm -B output from gcc object
configure:6964: gcc -c -g -O2  conftest.c >&5
configure:6967: $? = 0
configure:6971: /usr/bin/nm -B conftest.o \| sed -n -e 's/^.*[	 ]\([ABCDGIRSTW][ABCDGIRSTW]*\)[	 ][	 ]*\([_A-Za-z][_A-Za-z0-9]*\)$/\1 \2 \2/p' \> conftest.nm
configure:6974: $? = 0
configure:7028: gcc -o conftest -g -O2   conftest.c conftstm.o >&5
configure:7031: $? = 0
configure:7069: result: ok
configure:7164: gcc -c -g -O2  conftest.c >&5
configure:7167: $? = 0
configure:7874: checking for dlfcn.h
configure:7874: gcc -c -g -O2  conftest.c >&5
configure:7874: $? = 0
configure:7874: result: yes
configure:8058: checking for objdir
configure:8073: result: .libs
configure:8369: checking if gcc supports -fno-rtti -fno-exceptions
configure:8387: gcc -c -g -O2  -fno-rtti -fno-exceptions conftest.c >&5
cc1: warning: command line option '-fno-rtti' is valid for C++/ObjC++ but not for C
configure:8391: $? = 0
configure:8404: result: no
configure:8424: checking for gcc option to produce PIC
configure:8696: result: -fPIC -DPIC
configure:8708: checking if gcc PIC flag -fPIC -DPIC works
configure:8726: gcc -c -g -O2  -fPIC -DPIC -DPIC conftest.c >&5
configure:8730: $? = 0
configure:8743: result: yes
configure:8767: checking if gcc static flag -static works
configure:8795: result: yes
configure:8810: checking if gcc supports -c -o file.o
configure:8831: gcc -c -g -O2  -o out/conftest2.o conftest.c >&5
configure:8835: $? = 0
configure:8857: result: yes
configure:8865: checking if gcc supports -c -o file.o
configure:8912: result: yes
configure:8945: checking whether the gcc linker (/usr/bin/ld -m elf_x86_64) supports shared libraries
configure:9932: result: yes
configure:9969: checking whether -lc should be explicitly linked in
configure:9974: gcc -c -g -O2  conftest.c >&5
configure:9977: $? = 0
configure:9992: gcc -shared conftest.o  -v -Wl,-soname -Wl,conftest -o conftest 2\>\&1 \| /bin/grep  -lc  \>/dev/null 2\>\&1
configure:9995: $? = 0
configure:10007: result: no
configure:10171: checking dynamic linker characteristics
configure:10604: gcc -o conftest -g -O2   -Wl,-rpath -Wl,/foo conftest.c  >&5
configure:10604: $? = 0
configure:10834: result: GNU/Linux ld.so
configure:10936: checking how to hardcode library paths into programs
configure:10961: result: immediate
configure:11481: checking whether stripping libraries is possible
configure:11486: result: yes
configure:11521: checking if libtool supports shared libraries
configure:11523: result: yes
configure:11526: checking whether to build shared libraries
configure:11547: result: yes
configure:11550: checking whether to build static libraries
configure:11554: result: yes
configure:11592: checking CFLAGS for maximum ansi warnings
configure:11624: gcc -c -g -O2 -pedantic  -Wall -ansi -pedantic  conftest.c >&5
configure:11624: $? = 0
configure:11638: result: -Wall -ansi -pedantic
configure:11651: : CFLAGS="$CFLAGS $ac_cv_cflags_warn_all_ansi"
configure:11654: $? = 0
configure:11668: checking whether the C compiler accepts the -Wextra flag
configure:11697: gcc -c -g -O2 -Wall -ansi -pedantic -Wextra  conftest.c >&5
configure:11697: $? = 0
configure:11720: result: yes
configure:11742: checking whether the C compiler accepts the -Wstrict-prototypes flag
configure:11771: gcc -c -g -O2 -Wall -ansi -pedantic -Wextra -Wstrict-prototypes  conftest.c >&5
conftest.c:31:1: warning: function declaration isn't a prototype [-Wstrict-prototypes]
 main ()
 ^~~~
configure:11771: $? = 0
configure:11794: result: yes
configure:11816: checking whether the C compiler accepts the -Wmissing-prototypes flag
configure:11845: gcc -c -g -O2 -Wall -ansi -pedantic -Wextra -Wstrict-prototypes -Wmissing-prototypes  conftest.c >&5
conftest.c:31:1: warning: function declaration isn't a prototype [-Wstrict-prototypes]
 main ()
 ^~~~
configure:11845: $? = 0
configure:11868: result: yes
configure:11890: checking whether the C compiler accepts the -Wwrite-strings flag
configure:11919: gcc -c -g -O2 -Wall -ansi -pedantic -Wextra -Wstrict-prototypes -Wmissing-prototypes -Wwrite-strings  conftest.c >&5
conftest.c:31:1: warning: function declaration isn't a prototype [-Wstrict-prototypes]
 main ()
 ^~~~
configure:11919: $? = 0
configure:11942: result: yes
configure:11964: checking whether the C compiler accepts the -Wno-variadic-macros flag
configure:11993: gcc -c -g -O2 -Wall -ansi -pedantic -Wextra -Wstrict-prototypes -Wmissing-prototypes -Wwrite-strings -Wno-variadic-macros  conftest.c >&5
conftest.c:31:1: warning: function declaration isn't a prototype [-Wstrict-prototypes]
 main ()
 ^~~~
configure:11993: $? = 0
configure:12016: result: yes
configure:12036: checking for gcov
configure:12052: found /usr/bin/gcov
configure:12063: result: gcov
configure:12079: checking for lcov
configure:12109: result: no
configure:12122: checking for genhtml
configure:12152: result: no
configure:12165: checking for tex
configure:12195: result: no
configure:12208: WARNING: tex not installed: cannot rebuild HTML documentation.
configure:12215: checking for ANSI C header files
configure:12319: result: yes
configure:12327: checking for sys/wait.h that is POSIX.1 compatible
configure:12353: gcc -c -g -O2 -Wall -ansi -pedantic -Wextra -Wstrict-prototypes -Wmissing-prototypes -Wwrite-strings -Wno-variadic-macros  conftest.c >&5
conftest.c:39:1: warning: function declaration isn't a prototype [-Wstrict-prototypes]
 main ()
 ^~~~
configure:12353: $? = 0
configure:12360: result: yes
configure:12371: checking fcntl.h usability
configure:12371: gcc -c -g -O2 -Wall -ansi -pedantic -Wextra -Wstrict-prototypes -Wmissing-prototypes -Wwrite-strings -Wno-variadic-macros  conftest.c >&5
configure:12371: $? = 0
configure:12371: result: yes
configure:12371: checking fcntl.h presence
configure:12371: gcc -E  conftest.c
configure:12371: $? = 0
configure:12371: result: yes
configure:12371: checking for fcntl.h
configure:12371: result: yes
configure:12371: checking stddef.h usability
configure:12371: gcc -c -g -O2 -Wall -ansi -pedantic -Wextra -Wstrict-prototypes -Wmissing-prototypes -Wwrite-strings -Wno-variadic-macros  conftest.c >&5
configure:12371: $? = 0
configure:12371: result: yes
configure:12371: checking stddef.h presence
configure:12371: gcc -E  conftest.c
configure:12371: $? = 0
configure:12371: result: yes
configure:12371: checking for stddef.h
configure:12371: result: yes
configure:12371: checking for stdint.h
configure:12371: result: yes
configure:12371: checking for stdlib.h
configure:12371: result: yes
configure:12371: checking for string.h
configure:12371: result: yes
configure:12371: checking sys/time.h usability
configure:12371: gcc -c -g -O2 -Wall -ansi -pedantic -Wextra -Wstrict-prototypes -Wmissing-prototypes -Wwrite-strings -Wno-variadic-macros  conftest.c >&5
configure:12371: $? = 0
configure:12371: result: yes
configure:12371: checking sys/time.h presence
configure:12371: gcc -E  conftest.c
configure:12371: $? = 0
configure:12371: result: yes
configure:12371: checking for sys/time.h
configure:12371: result: yes
configure:12371: checking for unistd.h
configure:12371: result: yes
configure:12383: checking for subunit_test_start in -lsubunit
configure:12408: gcc -o conftest -g -O2 -Wall -ansi -pedantic -Wextra -Wstrict-prototypes -Wmissing-prototypes -Wwrite-strings -Wno-variadic-macros   conftest.c -lsubunit   >&5
conftest.c:44:1: warning: function declaration isn't a prototype [-Wstrict-prototypes]
 char subunit_test_start ();
 ^~~~
conftest.c:46:1: warning: function declaration isn't a prototype [-Wstrict-prototypes]
 main ()
 ^~~~
configure:12408: $? = 0
configure:12417: result: yes
configure:12440: checking subunit/child.h usability
configure:12440: gcc -c -g -O2 -Wall -ansi -pedantic -Wextra -Wstrict-prototypes -Wmissing-prototypes -Wwrite-strings -Wno-variadic-macros  conftest.c >&5
configure:12440: $? = 0
configure:12440: result: yes
configure:12440: checking subunit/child.h presence
configure:12440: gcc -E  conftest.c
configure:12440: $? = 0
configure:12440: result: yes
configure:12440: checking for subunit/child.h
configure:12440: result: yes
configure:12481: checking for an ANSI C-conforming const
configure:12547: gcc -c -g -O2 -Wall -ansi -pedantic -Wextra -Wstrict-prototypes -Wmissing-prototypes -Wwrite-strings -Wno-variadic-macros  conftest.c >&5
conftest.c:41:1: warning: function declaration isn't a prototype [-Wstrict-prototypes]
 main ()
 ^~~~
configure:12547: $? = 0
configure:12554: result: yes
configure:12562: checking for pid_t
configure:12562: gcc -c -g -O2 -Wall -ansi -pedantic -Wextra -Wstrict-prototypes -Wmissing-prototypes -Wwrite-strings -Wno-variadic-macros  conftest.c >&5
conftest.c:73:1: warning: function declaration isn't a prototype [-Wstrict-prototypes]
 main ()
 ^~~~
configure:12562: $? = 0
configure:12562: gcc -c -g -O2 -Wall -ansi -pedantic -Wextra -Wstrict-prototypes -Wmissing-prototypes -Wwrite-strings -Wno-variadic-macros  conftest.c >&5
conftest.c:73:1: warning: function declaration isn't a prototype [-Wstrict-prototypes]
 main ()
 ^~~~
conftest.c: In function 'main':
conftest.c:75:20: error: expected expression before ')' token
 if (sizeof ((pid_t)))
                    ^
configure:12562: $? = 1
configure: failed program was:
| /* confdefs.h */
| #define PACKAGE_NAME "Check"
| #define PACKAGE_TARNAME "check"
| #define PACKAGE_VERSION "0.9.8"
| #define PACKAGE_STRING "Check 0.9.8"
| #define PACKAGE_BUGREPORT "check-devel at lists dot sourceforge dot net"
| #define PACKAGE_URL ""
| #define STDC_HEADERS 1
| #define HAVE_SYS_TYPES_H 1
| #define HAVE_SYS_STAT_H 1
| #define HAVE_STDLIB_H 1
| #define HAVE_STRING_H 1
| #define HAVE_MEMORY_H 1
| #define HAVE_STRINGS_H 1
| #define HAVE_INTTYPES_H 1
| #define HAVE_STDINT_H 1
| #define HAVE_UNISTD_H 1
| #define __EXTENSIONS__ 1
| #define _ALL_SOURCE 1
| #define _GNU_SOURCE 1
| #define _POSIX_PTHREAD_SEMANTICS 1
| #define _TANDEM_SOURCE 1
| #define PACKAGE "check"
| #define VERSION "0.9.8"
| #define HAVE_DLFCN_H 1
| #define LT_OBJDIR ".libs/"
| #define STDC_HEADERS 1
| #define HAVE_SYS_WAIT_H 1
| #define HAVE_FCNTL_H 1
| #define HAVE_STDDEF_H 1
| #define HAVE_STDINT_H 1
| #define HAVE_STDLIB_H 1
| #define HAVE_STRING_H 1
| #define HAVE_SYS_TIME_H 1
| #define HAVE_UNISTD_H 1
| #define HAVE_LIBSUBUNIT 1
| #define ENABLE_SUBUNIT 1
| /* end confdefs.h.  */
| #include <stdio.h>
| #ifdef HAVE_SYS_TYPES_H
| # include <sys/types.h>
| #endif
| #ifdef HAVE_SYS_STAT_H
| # include <sys/stat.h>
| #endif
| #ifdef STDC_HEADERS
| # include <stdlib.h>
| # include <stddef.h>
| #else
| # ifdef HAVE_STDLIB_H
| #  include <stdlib.h>
| # endif
| #endif
| #ifdef HAVE_STRING_H
| # if !defined STDC_HEADERS && defined HAVE_MEMORY_H
| #  include <memory.h>
| # endif
| # include <string.h>
| #endif
| #ifdef HAVE_STRINGS_H
| # include <strings.h>
| #endif
| #ifdef HAVE_INTTYPES_H
| # include <inttypes.h>
| #endif
| #ifdef HAVE_STDINT_H
| # include <stdint.h>
| #endif
| #ifdef HAVE_UNISTD_H
| # include <unistd.h>
| #endif
| int
| main ()
| {
| if (sizeof ((pid_t)))
| 	    return 0;
|   ;
|   return 0;
| }
configure:12562: result: yes
configure:12573: checking for size_t
configure:12573: gcc -c -g -O2 -Wall -ansi -pedantic -Wextra -Wstrict-prototypes -Wmissing-prototypes -Wwrite-strings -Wno-variadic-macros  conftest.c >&5
conftest.c:73:1: warning: function declaration isn't a prototype [-Wstrict-prototypes]
 main ()
 ^~~~
configure:12573: $? = 0
configure:12573: gcc -c -g -O2 -Wall -ansi -pedantic -Wextra -Wstrict-prototypes -Wmissing-prototypes -Wwrite-strings -Wno-variadic-macros  conftest.c >&5
conftest.c:73:1: warning: function declaration isn't a prototype [-Wstrict-prototypes]
 main ()
 ^~~~
conftest.c: In function 'main':
conftest.c:75:21: error: expected expression before ')' token
 if (sizeof ((size_t)))
                     ^
configure:12573: $? = 1
configure: failed program was:
| /* confdefs.h */
| #define PACKAGE_NAME "Check"
| #define PACKAGE_TARNAME "check"
| #define PACKAGE_VERSION "0.9.8"
| #define PACKAGE_STRING "Check 0.9.8"
| #define PACKAGE_BUGREPORT "check-devel at lists dot sourceforge dot net"
| #define PACKAGE_URL ""
| #define STDC_HEADERS 1
| #define HAVE_SYS_TYPES_H 1
| #define HAVE_SYS_STAT_H 1
| #define HAVE_STDLIB_H 1
| #define HAVE_STRING_H 1
| #define HAVE_MEMORY_H 1
| #define HAVE_STRINGS_H 1
| #define HAVE_INTTYPES_H 1
| #define HAVE_STDINT_H 1
| #define HAVE_UNISTD_H 1
| #define __EXTENSIONS__ 1
| #define _ALL_SOURCE 1
| #define _GNU_SOURCE 1
| #define _POSIX_PTHREAD_SEMANTICS 1
| #define _TANDEM_SOURCE 1
| #define PACKAGE "check"
| #define VERSION "0.9.8"
| #define HAVE_DLFCN_H 1
| #define LT_OBJDIR ".libs/"
| #define STDC_HEADERS 1
| #define HAVE_SYS_WAIT_H 1
| #define HAVE_FCNTL_H 1
| #define HAVE_STDDEF_H 1
| #define HAVE_STDINT_H 1
| #define HAVE_STDLIB_H 1
| #define HAVE_STRING_H 1
| #define HAVE_SYS_TIME_H 1
| #define HAVE_UNISTD_H 1
| #define HAVE_LIBSUBUNIT 1
| #define ENABLE_SUBUNIT 1
| /* end confdefs.h.  */
| #include <stdio.h>
| #ifdef HAVE_SYS_TYPES_H
| # include <sys/types.h>
| #endif
| #ifdef HAVE_SYS_STAT_H
| # include <sys/stat.h>
| #endif
| #ifdef STDC_HEADERS
| # include <stdlib.h>
| # include <stddef.h>
| #else
| # ifdef HAVE_STDLIB_H
| #  include <stdlib.h>
| # endif
| #endif
| #ifdef HAVE_STRING_H
| # if !defined STDC_HEADERS && defined HAVE_MEMORY_H
| #  include <memory.h>
| # endif
| # include <string.h>
| #endif
| #ifdef HAVE_STRINGS_H
| # include <strings.h>
| #endif
| #ifdef HAVE_INTTYPES_H
| # include <inttypes.h>
| #endif
| #ifdef HAVE_STDINT_H
| # include <stdint.h>
| #endif
| #ifdef HAVE_UNISTD_H
| # include <unistd.h>
| #endif
| int
| main ()
| {
| if (sizeof ((size_t)))
| 	    return 0;
|   ;
|   return 0;
| }
configure:12573: result: yes
configure:12584: checking whether time.h and sys/time.h may both be included
configure:12604: gcc -c -g -O2 -Wall -ansi -pedantic -Wextra -Wstrict-prototypes -Wmissing-prototypes -Wwrite-strings -Wno-variadic-macros  conftest.c >&5
conftest.c:44:1: warning: function declaration isn't a prototype [-Wstrict-prototypes]
 main ()
 ^~~~
configure:12604: $? = 0
configure:12611: result: yes
configure:12619: checking whether struct tm is in sys/time.h or time.h
configure:12639: gcc -c -g -O2 -Wall -ansi -pedantic -Wextra -Wstrict-prototypes -Wmissing-prototypes -Wwrite-strings -Wno-variadic-macros  conftest.c >&5
conftest.c:44:1: warning: function declaration isn't a prototype [-Wstrict-prototypes]
 main ()
 ^~~~
configure:12639: $? = 0
configure:12646: result: time.h
configure:12659: checking size of int
configure:12664: gcc -o conftest -g -O2 -Wall -ansi -pedantic -Wextra -Wstrict-prototypes -Wmissing-prototypes -Wwrite-strings -Wno-variadic-macros   conftest.c -lsubunit  >&5
conftest.c:73:17: warning: function declaration isn't a prototype [-Wstrict-prototypes]
 static long int longval () { return (long int) (sizeof (int)); }
                 ^~~~~~~
conftest.c:74:26: warning: function declaration isn't a prototype [-Wstrict-prototypes]
 static unsigned long int ulongval () { return (long int) (sizeof (int)); }
                          ^~~~~~~~
conftest.c:78:1: warning: function declaration isn't a prototype [-Wstrict-prototypes]
 main ()
 ^~~~
configure:12664: $? = 0
configure:12664: ./conftest
configure:12664: $? = 0
configure:12678: result: 4
configure:12692: checking size of short
configure:12697: gcc -o conftest -g -O2 -Wall -ansi -pedantic -Wextra -Wstrict-prototypes -Wmissing-prototypes -Wwrite-strings -Wno-variadic-macros   conftest.c -lsubunit  >&5
conftest.c:74:17: warning: function declaration isn't a prototype [-Wstrict-prototypes]
 static long int longval () { return (long int) (sizeof (short)); }
                 ^~~~~~~
conftest.c:75:26: warning: function declaration isn't a prototype [-Wstrict-prototypes]
 static unsigned long int ulongval () { return (long int) (sizeof (short)); }
                          ^~~~~~~~
conftest.c:79:1: warning: function declaration isn't a prototype [-Wstrict-prototypes]
 main ()
 ^~~~
configure:12697: $? = 0
configure:12697: ./conftest
configure:12697: $? = 0
configure:12711: result: 2
configure:12725: checking size of long
configure:12730: gcc -o conftest -g -O2 -Wall -ansi -pedantic -Wextra -Wstrict-prototypes -Wmissing-prototypes -Wwrite-strings -Wno-variadic-macros   conftest.c -lsubunit  >&5
conftest.c:75:17: warning: function declaration isn't a prototype [-Wstrict-prototypes]
 static long int longval () { return (long int) (sizeof (long)); }
                 ^~~~~~~
conftest.c:76:26: warning: function declaration isn't a prototype [-Wstrict-prototypes]
 static unsigned long int ulongval () { return (long int) (sizeof (long)); }
                          ^~~~~~~~
conftest.c:80:1: warning: function declaration isn't a prototype [-Wstrict-prototypes]
 main ()
 ^~~~
configure:12730: $? = 0
configure:12730: ./conftest
configure:12730: $? = 0
configure:12744: result: 8
configure:12758: checking for stdlib.h
configure:12758: result: yes
configure:12768: checking for GNU libc compatible malloc
configure:12792: gcc -o conftest -g -O2 -Wall -ansi -pedantic -Wextra -Wstrict-prototypes -Wmissing-prototypes -Wwrite-strings -Wno-variadic-macros   conftest.c -lsubunit  >&5
conftest.c:51:1: warning: function declaration isn't a prototype [-Wstrict-prototypes]
 main ()
 ^~~~
configure:12792: $? = 0
configure:12792: ./conftest
configure:12792: $? = 0
configure:12802: result: yes
configure:12825: checking for stdlib.h
configure:12825: result: yes
configure:12835: checking for GNU libc compatible realloc
configure:12859: gcc -o conftest -g -O2 -Wall -ansi -pedantic -Wextra -Wstrict-prototypes -Wmissing-prototypes -Wwrite-strings -Wno-variadic-macros   conftest.c -lsubunit  >&5
conftest.c:53:1: warning: function declaration isn't a prototype [-Wstrict-prototypes]
 main ()
 ^~~~
configure:12859: $? = 0
configure:12859: ./conftest
configure:12859: $? = 0
configure:12869: result: yes
configure:12890: checking for fileno
configure:12890: gcc -o conftest -g -O2 -Wall -ansi -pedantic -Wextra -Wstrict-prototypes -Wmissing-prototypes -Wwrite-strings -Wno-variadic-macros   conftest.c -lsubunit  >&5
conftest.c:70:1: warning: function declaration isn't a prototype [-Wstrict-prototypes]
 char fileno ();
 ^~~~
conftest.c:79:1: warning: function declaration isn't a prototype [-Wstrict-prototypes]
 main ()
 ^~~~
configure:12890: $? = 0
configure:12890: result: yes
configure:12903: checking for localtime_r
configure:12903: gcc -o conftest -g -O2 -Wall -ansi -pedantic -Wextra -Wstrict-prototypes -Wmissing-prototypes -Wwrite-strings -Wno-variadic-macros   conftest.c -lsubunit  >&5
conftest.c:71:1: warning: function declaration isn't a prototype [-Wstrict-prototypes]
 char localtime_r ();
 ^~~~
conftest.c:80:1: warning: function declaration isn't a prototype [-Wstrict-prototypes]
 main ()
 ^~~~
configure:12903: $? = 0
configure:12903: result: yes
configure:12916: checking for pipe
configure:12916: gcc -o conftest -g -O2 -Wall -ansi -pedantic -Wextra -Wstrict-prototypes -Wmissing-prototypes -Wwrite-strings -Wno-variadic-macros   conftest.c -lsubunit  >&5
conftest.c:72:1: warning: function declaration isn't a prototype [-Wstrict-prototypes]
 char pipe ();
 ^~~~
conftest.c:81:1: warning: function declaration isn't a prototype [-Wstrict-prototypes]
 main ()
 ^~~~
configure:12916: $? = 0
configure:12916: result: yes
configure:12929: checking for putenv
configure:12929: gcc -o conftest -g -O2 -Wall -ansi -pedantic -Wextra -Wstrict-prototypes -Wmissing-prototypes -Wwrite-strings -Wno-variadic-macros   conftest.c -lsubunit  >&5
conftest.c:73:1: warning: function declaration isn't a prototype [-Wstrict-prototypes]
 char putenv ();
 ^~~~
conftest.c:82:1: warning: function declaration isn't a prototype [-Wstrict-prototypes]
 main ()
 ^~~~
configure:12929: $? = 0
configure:12929: result: yes
configure:12942: checking for setenv
configure:12942: gcc -o conftest -g -O2 -Wall -ansi -pedantic -Wextra -Wstrict-prototypes -Wmissing-prototypes -Wwrite-strings -Wno-variadic-macros   conftest.c -lsubunit  >&5
conftest.c:74:1: warning: function declaration isn't a prototype [-Wstrict-prototypes]
 char setenv ();
 ^~~~
conftest.c:83:1: warning: function declaration isn't a prototype [-Wstrict-prototypes]
 main ()
 ^~~~
configure:12942: $? = 0
configure:12942: result: yes
configure:12955: checking for sleep
configure:12955: gcc -o conftest -g -O2 -Wall -ansi -pedantic -Wextra -Wstrict-prototypes -Wmissing-prototypes -Wwrite-strings -Wno-variadic-macros   conftest.c -lsubunit  >&5
conftest.c:75:1: warning: function declaration isn't a prototype [-Wstrict-prototypes]
 char sleep ();
 ^~~~
conftest.c:84:1: warning: function declaration isn't a prototype [-Wstrict-prototypes]
 main ()
 ^~~~
configure:12955: $? = 0
configure:12955: result: yes
configure:12968: checking for strdup
configure:12968: gcc -o conftest -g -O2 -Wall -ansi -pedantic -Wextra -Wstrict-prototypes -Wmissing-prototypes -Wwrite-strings -Wno-variadic-macros   conftest.c -lsubunit  >&5
conftest.c:76:1: warning: function declaration isn't a prototype [-Wstrict-prototypes]
 char strdup ();
 ^~~~
conftest.c:85:1: warning: function declaration isn't a prototype [-Wstrict-prototypes]
 main ()
 ^~~~
configure:12968: $? = 0
configure:12968: result: yes
configure:12981: checking for strsignal
configure:12981: gcc -o conftest -g -O2 -Wall -ansi -pedantic -Wextra -Wstrict-prototypes -Wmissing-prototypes -Wwrite-strings -Wno-variadic-macros   conftest.c -lsubunit  >&5
conftest.c:77:1: warning: function declaration isn't a prototype [-Wstrict-prototypes]
 char strsignal ();
 ^~~~
conftest.c:86:1: warning: function declaration isn't a prototype [-Wstrict-prototypes]
 main ()
 ^~~~
configure:12981: $? = 0
configure:12981: result: yes
configure:12994: checking for unsetenv
configure:12994: gcc -o conftest -g -O2 -Wall -ansi -pedantic -Wextra -Wstrict-prototypes -Wmissing-prototypes -Wwrite-strings -Wno-variadic-macros   conftest.c -lsubunit  >&5
conftest.c:78:1: warning: function declaration isn't a prototype [-Wstrict-prototypes]
 char unsetenv ();
 ^~~~
conftest.c:87:1: warning: function declaration isn't a prototype [-Wstrict-prototypes]
 main ()
 ^~~~
configure:12994: $? = 0
configure:12994: result: yes
configure:13008: checking whether fileno is declared
configure:13008: gcc -c -g -O2 -Wall -ansi -pedantic -Wextra -Wstrict-prototypes -Wmissing-prototypes -Wwrite-strings -Wno-variadic-macros  conftest.c >&5
conftest.c:90:1: warning: function declaration isn't a prototype [-Wstrict-prototypes]
 main ()
 ^~~~
configure:13008: $? = 0
configure:13008: result: yes
configure:13018: checking whether localtime_r is declared
configure:13018: gcc -c -g -O2 -Wall -ansi -pedantic -Wextra -Wstrict-prototypes -Wmissing-prototypes -Wwrite-strings -Wno-variadic-macros  conftest.c >&5
conftest.c:91:1: warning: function declaration isn't a prototype [-Wstrict-prototypes]
 main ()
 ^~~~
conftest.c: In function 'main':
conftest.c:97:10: error: 'localtime_r' undeclared (first use in this function)
   (void) localtime_r;
          ^~~~~~~~~~~
conftest.c:97:10: note: each undeclared identifier is reported only once for each function it appears in
configure:13018: $? = 1
configure: failed program was:
| /* confdefs.h */
| #define PACKAGE_NAME "Check"
| #define PACKAGE_TARNAME "check"
| #define PACKAGE_VERSION "0.9.8"
| #define PACKAGE_STRING "Check 0.9.8"
| #define PACKAGE_BUGREPORT "check-devel at lists dot sourceforge dot net"
| #define PACKAGE_URL ""
| #define STDC_HEADERS 1
| #define HAVE_SYS_TYPES_H 1
| #define HAVE_SYS_STAT_H 1
| #define HAVE_STDLIB_H 1
| #define HAVE_STRING_H 1
| #define HAVE_MEMORY_H 1
| #define HAVE_STRINGS_H 1
| #define HAVE_INTTYPES_H 1
| #define HAVE_STDINT_H 1
| #define HAVE_UNISTD_H 1
| #define __EXTENSIONS__ 1
| #define _ALL_SOURCE 1
| #define _GNU_SOURCE 1
| #define _POSIX_PTHREAD_SEMANTICS 1
| #define _TANDEM_SOURCE 1
| #define PACKAGE "check"
| #define VERSION "0.9.8"
| #define HAVE_DLFCN_H 1
| #define LT_OBJDIR ".libs/"
| #define STDC_HEADERS 1
| #define HAVE_SYS_WAIT_H 1
| #define HAVE_FCNTL_H 1
| #define HAVE_STDDEF_H 1
| #define HAVE_STDINT_H 1
| #define HAVE_STDLIB_H 1
| #define HAVE_STRING_H 1
| #define HAVE_SYS_TIME_H 1
| #define HAVE_UNISTD_H 1
| #define HAVE_LIBSUBUNIT 1
| #define ENABLE_SUBUNIT 1
| #define TIME_WITH_SYS_TIME 1
| #define SIZEOF_INT 4
| #define SIZEOF_SHORT 2
| #define SIZEOF_LONG 8
| #define HAVE_STDLIB_H 1
| #define HAVE_MALLOC 1
| #define HAVE_STDLIB_H 1
| #define HAVE_REALLOC 1
| #define HAVE_FILENO 1
| #define HAVE_LOCALTIME_R 1
| #define HAVE_PIPE 1
| #define HAVE_PUTENV 1
| #define HAVE_SETENV 1
| #define HAVE_SLEEP 1
| #define HAVE_STRDUP 1
| #define HAVE_STRSIGNAL 1
| #define HAVE_UNSETENV 1
| #define HAVE_DECL_FILENO 1
| /* end confdefs.h.  */
| #include <stdio.h>
| #ifdef HAVE_SYS_TYPES_H
| # include <sys/types.h>
| #endif
| #ifdef HAVE_SYS_STAT_H
| # include <sys/stat.h>
| #endif
| #ifdef STDC_HEADERS
| # include <stdlib.h>
| # include <stddef.h>
| #else
| # ifdef HAVE_STDLIB_H
| #  include <stdlib.h>
| # endif
| #endif
| #ifdef HAVE_STRING_H
| # if !defined STDC_HEADERS && defined HAVE_MEMORY_H
| #  include <memory.h>
| # endif
| # include <string.h>
| #endif
| #ifdef HAVE_STRINGS_H
| # include <strings.h>
| #endif
| #ifdef HAVE_INTTYPES_H
| # include <inttypes.h>
| #endif
| #ifdef HAVE_STDINT_H
| # include <stdint.h>
| #endif
| #ifdef HAVE_UNISTD_H
| # include <unistd.h>
| #endif
| int
| main ()
| {
| #ifndef localtime_r
| #ifdef __cplusplus
|   (void) localtime_r;
| #else
|   (void) localtime_r;
| #endif
| #endif
| 
|   ;
|   return 0;
| }
configure:13018: result: no
configure:13028: checking whether pipe is declared
configure:13028: gcc -c -g -O2 -Wall -ansi -pedantic -Wextra -Wstrict-prototypes -Wmissing-prototypes -Wwrite-strings -Wno-variadic-macros  conftest.c >&5
conftest.c:92:1: warning: function declaration isn't a prototype [-Wstrict-prototypes]
 main ()
 ^~~~
configure:13028: $? = 0
configure:13028: result: yes
configure:13038: checking whether putenv is declared
configure:13038: gcc -c -g -O2 -Wall -ansi -pedantic -Wextra -Wstrict-prototypes -Wmissing-prototypes -Wwrite-strings -Wno-variadic-macros  conftest.c >&5
conftest.c:93:1: warning: function declaration isn't a prototype [-Wstrict-prototypes]
 main ()
 ^~~~
configure:13038: $? = 0
configure:13038: result: yes
configure:13048: checking whether setenv is declared
configure:13048: gcc -c -g -O2 -Wall -ansi -pedantic -Wextra -Wstrict-prototypes -Wmissing-prototypes -Wwrite-strings -Wno-variadic-macros  conftest.c >&5
conftest.c:94:1: warning: function declaration isn't a prototype [-Wstrict-prototypes]
 main ()
 ^~~~
configure:13048: $? = 0
configure:13048: result: yes
configure:13058: checking whether sleep is declared
configure:13058: gcc -c -g -O2 -Wall -ansi -pedantic -Wextra -Wstrict-prototypes -Wmissing-prototypes -Wwrite-strings -Wno-variadic-macros  conftest.c >&5
conftest.c:95:1: warning: function declaration isn't a prototype [-Wstrict-prototypes]
 main ()
 ^~~~
configure:13058: $? = 0
configure:13058: result: yes
configure:13068: checking whether strdup is declared
configure:13068: gcc -c -g -O2 -Wall -ansi -pedantic -Wextra -Wstrict-prototypes -Wmissing-prototypes -Wwrite-strings -Wno-variadic-macros  conftest.c >&5
conftest.c:96:1: warning: function declaration isn't a prototype [-Wstrict-prototypes]
 main ()
 ^~~~
configure:13068: $? = 0
configure:13068: result: yes
configure:13078: checking whether strsignal is declared
configure:13078: gcc -c -g -O2 -Wall -ansi -pedantic -Wextra -Wstrict-prototypes -Wmissing-prototypes -Wwrite-strings -Wno-variadic-macros  conftest.c >&5
conftest.c:97:1: warning: function declaration isn't a prototype [-Wstrict-prototypes]
 main ()
 ^~~~
configure:13078: $? = 0
configure:13078: result: yes
configure:13088: checking whether unsetenv is declared
configure:13088: gcc -c -g -O2 -Wall -ansi -pedantic -Wextra -Wstrict-prototypes -Wmissing-prototypes -Wwrite-strings -Wno-variadic-macros  conftest.c >&5
conftest.c:98:1: warning: function declaration isn't a prototype [-Wstrict-prototypes]
 main ()
 ^~~~
configure:13088: $? = 0
configure:13088: result: yes
configure:13266: checking for the pthreads library -lpthreads
configure:13299: gcc -o conftest -g -O2 -Wall -ansi -pedantic -Wextra -Wstrict-prototypes -Wmissing-prototypes -Wwrite-strings -Wno-variadic-macros    conftest.c -lpthreads -lsubunit  >&5
conftest.c:67:1: warning: function declaration isn't a prototype [-Wstrict-prototypes]
 main ()
 ^~~~
conftest.c: In function 'main':
conftest.c:70:22: warning: null argument where non-null required (argument 1) [-Wnonnull]
                      pthread_attr_init(0); pthread_cleanup_push(0, 0);
                      ^~~~~~~~~~~~~~~~~
conftest.c:71:22: warning: null argument where non-null required (argument 1) [-Wnonnull]
                      pthread_create(0,0,0,0); pthread_cleanup_pop(0);
                      ^~~~~~~~~~~~~~
conftest.c:71:22: warning: null argument where non-null required (argument 3) [-Wnonnull]
conftest.c:69:15: warning: 'th' is used uninitialized in this function [-Wuninitialized]
 pthread_t th; pthread_join(th, 0);
               ^~~~~~~~~~~~~~~~~~~
/usr/bin/ld: cannot find -lpthreads
collect2: error: ld returned 1 exit status
configure:13299: $? = 1
configure: failed program was:
| /* confdefs.h */
| #define PACKAGE_NAME "Check"
| #define PACKAGE_TARNAME "check"
| #define PACKAGE_VERSION "0.9.8"
| #define PACKAGE_STRING "Check 0.9.8"
| #define PACKAGE_BUGREPORT "check-devel at lists dot sourceforge dot net"
| #define PACKAGE_URL ""
| #define STDC_HEADERS 1
| #define HAVE_SYS_TYPES_H 1
| #define HAVE_SYS_STAT_H 1
| #define HAVE_STDLIB_H 1
| #define HAVE_STRING_H 1
| #define HAVE_MEMORY_H 1
| #define HAVE_STRINGS_H 1
| #define HAVE_INTTYPES_H 1
| #define HAVE_STDINT_H 1
| #define HAVE_UNISTD_H 1
| #define __EXTENSIONS__ 1
| #define _ALL_SOURCE 1
| #define _GNU_SOURCE 1
| #define _POSIX_PTHREAD_SEMANTICS 1
| #define _TANDEM_SOURCE 1
| #define PACKAGE "check"
| #define VERSION "0.9.8"
| #define HAVE_DLFCN_H 1
| #define LT_OBJDIR ".libs/"
| #define STDC_HEADERS 1
| #define HAVE_SYS_WAIT_H 1
| #define HAVE_FCNTL_H 1
| #define HAVE_STDDEF_H 1
| #define HAVE_STDINT_H 1
| #define HAVE_STDLIB_H 1
| #define HAVE_STRING_H 1
| #define HAVE_SYS_TIME_H 1
| #define HAVE_UNISTD_H 1
| #define HAVE_LIBSUBUNIT 1
| #define ENABLE_SUBUNIT 1
| #define TIME_WITH_SYS_TIME 1
| #define SIZEOF_INT 4
| #define SIZEOF_SHORT 2
| #define SIZEOF_LONG 8
| #define HAVE_STDLIB_H 1
| #define HAVE_MALLOC 1
| #define HAVE_STDLIB_H 1
| #define HAVE_REALLOC 1
| #define HAVE_FILENO 1
| #define HAVE_LOCALTIME_R 1
| #define HAVE_PIPE 1
| #define HAVE_PUTENV 1
| #define HAVE_SETENV 1
| #define HAVE_SLEEP 1
| #define HAVE_STRDUP 1
| #define HAVE_STRSIGNAL 1
| #define HAVE_UNSETENV 1
| #define HAVE_DECL_FILENO 1
| #define HAVE_DECL_LOCALTIME_R 0
| #define HAVE_DECL_PIPE 1
| #define HAVE_DECL_PUTENV 1
| #define HAVE_DECL_SETENV 1
| #define HAVE_DECL_SLEEP 1
| #define HAVE_DECL_STRDUP 1
| #define HAVE_DECL_STRSIGNAL 1
| #define HAVE_DECL_UNSETENV 1
| /* end confdefs.h.  */
| #include <pthread.h>
| int
| main ()
| {
| pthread_t th; pthread_join(th, 0);
|                      pthread_attr_init(0); pthread_cleanup_push(0, 0);
|                      pthread_create(0,0,0,0); pthread_cleanup_pop(0);
|   ;
|   return 0;
| }
configure:13308: result: no
configure:13211: checking whether pthreads work without any flags
configure:13299: gcc -o conftest -g -O2 -Wall -ansi -pedantic -Wextra -Wstrict-prototypes -Wmissing-prototypes -Wwrite-strings -Wno-variadic-macros    conftest.c  -lsubunit  >&5
conftest.c:67:1: warning: function declaration isn't a prototype [-Wstrict-prototypes]
 main ()
 ^~~~
conftest.c: In function 'main':
conftest.c:70:22: warning: null argument where non-null required (argument 1) [-Wnonnull]
                      pthread_attr_init(0); pthread_cleanup_push(0, 0);
                      ^~~~~~~~~~~~~~~~~
conftest.c:71:22: warning: null argument where non-null required (argument 1) [-Wnonnull]
                      pthread_create(0,0,0,0); pthread_cleanup_pop(0);
                      ^~~~~~~~~~~~~~
conftest.c:71:22: warning: null argument where non-null required (argument 3) [-Wnonnull]
conftest.c:69:15: warning: 'th' is used uninitialized in this function [-Wuninitialized]
 pthread_t th; pthread_join(th, 0);
               ^~~~~~~~~~~~~~~~~~~
/tmp/ccdhgnxe.o: In function `main':
/home/malego/Projects/Bitcoin/lib/libart/deps/check-0.9.8/conftest.c:69: undefined reference to `pthread_join'
/home/malego/Projects/Bitcoin/lib/libart/deps/check-0.9.8/conftest.c:70: undefined reference to `__pthread_register_cancel'
/home/malego/Projects/Bitcoin/lib/libart/deps/check-0.9.8/conftest.c:71: undefined reference to `pthread_create'
/home/malego/Projects/Bitcoin/lib/libart/deps/check-0.9.8/conftest.c:71: undefined reference to `__pthread_unregister_cancel'
collect2: error: ld returned 1 exit status
configure:13299: $? = 1
configure: failed program was:
| /* confdefs.h */
| #define PACKAGE_NAME "Check"
| #define PACKAGE_TARNAME "check"
| #define PACKAGE_VERSION "0.9.8"
| #define PACKAGE_STRING "Check 0.9.8"
| #define PACKAGE_BUGREPORT "check-devel at lists dot sourceforge dot net"
| #define PACKAGE_URL ""
| #define STDC_HEADERS 1
| #define HAVE_SYS_TYPES_H 1
| #define HAVE_SYS_STAT_H 1
| #define HAVE_STDLIB_H 1
| #define HAVE_STRING_H 1
| #define HAVE_MEMORY_H 1
| #define HAVE_STRINGS_H 1
| #define HAVE_INTTYPES_H 1
| #define HAVE_STDINT_H 1
| #define HAVE_UNISTD_H 1
| #define __EXTENSIONS__ 1
| #define _ALL_SOURCE 1
| #define _GNU_SOURCE 1
| #define _POSIX_PTHREAD_SEMANTICS 1
| #define _TANDEM_SOURCE 1
| #define PACKAGE "check"
| #define VERSION "0.9.8"
| #define HAVE_DLFCN_H 1
| #define LT_OBJDIR ".libs/"
| #define STDC_HEADERS 1
| #define HAVE_SYS_WAIT_H 1
| #define HAVE_FCNTL_H 1
| #define HAVE_STDDEF_H 1
| #define HAVE_STDINT_H 1
| #define HAVE_STDLIB_H 1
| #define HAVE_STRING_H 1
| #define HAVE_SYS_TIME_H 1
| #define HAVE_UNISTD_H 1
| #define HAVE_LIBSUBUNIT 1
| #define ENABLE_SUBUNIT 1
| #define TIME_WITH_SYS_TIME 1
| #define SIZEOF_INT 4
| #define SIZEOF_SHORT 2
| #define SIZEOF_LONG 8
| #define HAVE_STDLIB_H 1
| #define HAVE_MALLOC 1
| #define HAVE_STDLIB_H 1
| #define HAVE_REALLOC 1
| #define HAVE_FILENO 1
| #define HAVE_LOCALTIME_R 1
| #define HAVE_PIPE 1
| #define HAVE_PUTENV 1
| #define HAVE_SETENV 1
| #define HAVE_SLEEP 1
| #define HAVE_STRDUP 1
| #define HAVE_STRSIGNAL 1
| #define HAVE_UNSETENV 1
| #define HAVE_DECL_FILENO 1
| #define HAVE_DECL_LOCALTIME_R 0
| #define HAVE_DECL_PIPE 1
| #define HAVE_DECL_PUTENV 1
| #define HAVE_DECL_SETENV 1
| #define HAVE_DECL_SLEEP 1
| #define HAVE_DECL_STRDUP 1
| #define HAVE_DECL_STRSIGNAL 1
| #define HAVE_DECL_UNSETENV 1
| /* end confdefs.h.  */
| #include <pthread.h>
| int
| main ()
| {
| pthread_t th; pthread_join(th, 0);
|                      pthread_attr_init(0); pthread_cleanup_push(0, 0);
|                      pthread_create(0,0,0,0); pthread_cleanup_pop(0);
|   ;
|   return 0;
| }
configure:13308: result: no
configure:13216: checking whether pthreads work with -Kthread
configure:13299: gcc -o conftest -g -O2 -Wall -ansi -pedantic -Wextra -Wstrict-prototypes -Wmissing-prototypes -Wwrite-strings -Wno-variadic-macros -Kthread   conftest.c  -lsubunit  >&5
gcc: error: unrecognized command line option '-Kthread'; did you mean '-pthread'?
configure:13299: $? = 1
configure: failed program was:
| /* confdefs.h */
| #define PACKAGE_NAME "Check"
| #define PACKAGE_TARNAME "check"
| #define PACKAGE_VERSION "0.9.8"
| #define PACKAGE_STRING "Check 0.9.8"
| #define PACKAGE_BUGREPORT "check-devel at lists dot sourceforge dot net"
| #define PACKAGE_URL ""
| #define STDC_HEADERS 1
| #define HAVE_SYS_TYPES_H 1
| #define HAVE_SYS_STAT_H 1
| #define HAVE_STDLIB_H 1
| #define HAVE_STRING_H 1
| #define HAVE_MEMORY_H 1
| #define HAVE_STRINGS_H 1
| #define HAVE_INTTYPES_H 1
| #define HAVE_STDINT_H 1
| #define HAVE_UNISTD_H 1
| #define __EXTENSIONS__ 1
| #define _ALL_SOURCE 1
| #define _GNU_SOURCE 1
| #define _POSIX_PTHREAD_SEMANTICS 1
| #define _TANDEM_SOURCE 1
| #define PACKAGE "check"
| #define VERSION "0.9.8"
| #define HAVE_DLFCN_H 1
| #define LT_OBJDIR ".libs/"
| #define STDC_HEADERS 1
| #define HAVE_SYS_WAIT_H 1
| #define HAVE_FCNTL_H 1
| #define HAVE_STDDEF_H 1
| #define HAVE_STDINT_H 1
| #define HAVE_STDLIB_H 1
| #define HAVE_STRING_H 1
| #define HAVE_SYS_TIME_H 1
| #define HAVE_UNISTD_H 1
| #define HAVE_LIBSUBUNIT 1
| #define ENABLE_SUBUNIT 1
| #define TIME_WITH_SYS_TIME 1
| #define SIZEOF_INT 4
| #define SIZEOF_SHORT 2
| #define SIZEOF_LONG 8
| #define HAVE_STDLIB_H 1
| #define HAVE_MALLOC 1
| #define HAVE_STDLIB_H 1
| #define HAVE_REALLOC 1
| #define HAVE_FILENO 1
| #define HAVE_LOCALTIME_R 1
| #define HAVE_PIPE 1
| #define HAVE_PUTENV 1
| #define HAVE_SETENV 1
| #define HAVE_SLEEP 1
| #define HAVE_STRDUP 1
| #define HAVE_STRSIGNAL 1
| #define HAVE_UNSETENV 1
| #define HAVE_DECL_FILENO 1
| #define HAVE_DECL_LOCALTIME_R 0
| #define HAVE_DECL_PIPE 1
| #define HAVE_DECL_PUTENV 1
| #define HAVE_DECL_SETENV 1
| #define HAVE_DECL_SLEEP 1
| #define HAVE_DECL_STRDUP 1
| #define HAVE_DECL_STRSIGNAL 1
| #define HAVE_DECL_UNSETENV 1
| /* end confdefs.h.  */
| #include <pthread.h>
| int
| main ()
| {
| pthread_t th; pthread_join(th, 0);
|                      pthread_attr_init(0); pthread_cleanup_push(0, 0);
|                      pthread_create(0,0,0,0); pthread_cleanup_pop(0);
|   ;
|   return 0;
| }
configure:13308: result: no
configure:13216: checking whether pthreads work with -kthread
configure:13299: gcc -o conftest -g -O2 -Wall -ansi -pedantic -Wextra -Wstrict-prototypes -Wmissing-prototypes -Wwrite-strings -Wno-variadic-macros -kthread   conftest.c  -lsubunit  >&5
gcc: error: unrecognized command line option '-kthread'; did you mean '-pthread'?
configure:13299: $? = 1
configure: failed program was:
| /* confdefs.h */
| #define PACKAGE_NAME "Check"
| #define PACKAGE_TARNAME "check"
| #define PACKAGE_VERSION "0.9.8"
| #define PACKAGE_STRING "Check 0.9.8"
| #define PACKAGE_BUGREPORT "check-devel at lists dot sourceforge dot net"
| #define PACKAGE_URL ""
| #define STDC_HEADERS 1
| #define HAVE_SYS_TYPES_H 1
| #define HAVE_SYS_STAT_H 1
| #define HAVE_STDLIB_H 1
| #define HAVE_STRING_H 1
| #define HAVE_MEMORY_H 1
| #define HAVE_STRINGS_H 1
| #define HAVE_INTTYPES_H 1
| #define HAVE_STDINT_H 1
| #define HAVE_UNISTD_H 1
| #define __EXTENSIONS__ 1
| #define _ALL_SOURCE 1
| #define _GNU_SOURCE 1
| #define _POSIX_PTHREAD_SEMANTICS 1
| #define _TANDEM_SOURCE 1
| #define PACKAGE "check"
| #define VERSION "0.9.8"
| #define HAVE_DLFCN_H 1
| #define LT_OBJDIR ".libs/"
| #define STDC_HEADERS 1
| #define HAVE_SYS_WAIT_H 1
| #define HAVE_FCNTL_H 1
| #define HAVE_STDDEF_H 1
| #define HAVE_STDINT_H 1
| #define HAVE_STDLIB_H 1
| #define HAVE_STRING_H 1
| #define HAVE_SYS_TIME_H 1
| #define HAVE_UNISTD_H 1
| #define HAVE_LIBSUBUNIT 1
| #define ENABLE_SUBUNIT 1
| #define TIME_WITH_SYS_TIME 1
| #define SIZEOF_INT 4
| #define SIZEOF_SHORT 2
| #define SIZEOF_LONG 8
| #define HAVE_STDLIB_H 1
| #define HAVE_MALLOC 1
| #define HAVE_STDLIB_H 1
| #define HAVE_REALLOC 1
| #define HAVE_FILENO 1
| #define HAVE_LOCALTIME_R 1
| #define HAVE_PIPE 1
| #define HAVE_PUTENV 1
| #define HAVE_SETENV 1
| #define HAVE_SLEEP 1
| #define HAVE_STRDUP 1
| #define HAVE_STRSIGNAL 1
| #define HAVE_UNSETENV 1
| #define HAVE_DECL_FILENO 1
| #define HAVE_DECL_LOCALTIME_R 0
| #define HAVE_DECL_PIPE 1
| #define HAVE_DECL_PUTENV 1
| #define HAVE_DECL_SETENV 1
| #define HAVE_DECL_SLEEP 1
| #define HAVE_DECL_STRDUP 1
| #define HAVE_DECL_STRSIGNAL 1
| #define HAVE_DECL_UNSETENV 1
| /* end confdefs.h.  */
| #include <pthread.h>
| int
| main ()
| {
| pthread_t th; pthread_join(th, 0);
|                      pthread_attr_init(0); pthread_cleanup_push(0, 0);
|                      pthread_create(0,0,0,0); pthread_cleanup_pop(0);
|   ;
|   return 0;
| }
configure:13308: result: no
configure:13266: checking for the pthreads library -llthread
configure:13299: gcc -o conftest -g -O2 -Wall -ansi -pedantic -Wextra -Wstrict-prototypes -Wmissing-prototypes -Wwrite-strings -Wno-variadic-macros    conftest.c -llthread -lsubunit  >&5
conftest.c:67:1: warning: function declaration isn't a prototype [-Wstrict-prototypes]
 main ()
 ^~~~
conftest.c: In function 'main':
conftest.c:70:22: warning: null argument where non-null required (argument 1) [-Wnonnull]
                      pthread_attr_init(0); pthread_cleanup_push(0, 0);
                      ^~~~~~~~~~~~~~~~~
conftest.c:71:22: warning: null argument where non-null required (argument 1) [-Wnonnull]
                      pthread_create(0,0,0,0); pthread_cleanup_pop(0);
                      ^~~~~~~~~~~~~~
conftest.c:71:22: warning: null argument where non-null required (argument 3) [-Wnonnull]
conftest.c:69:15: warning: 'th' is used uninitialized in this function [-Wuninitialized]
 pthread_t th; pthread_join(th, 0);
               ^~~~~~~~~~~~~~~~~~~
/usr/bin/ld: cannot find -llthread
collect2: error: ld returned 1 exit status
configure:13299: $? = 1
configure: failed program was:
| /* confdefs.h */
| #define PACKAGE_NAME "Check"
| #define PACKAGE_TARNAME "check"
| #define PACKAGE_VERSION "0.9.8"
| #define PACKAGE_STRING "Check 0.9.8"
| #define PACKAGE_BUGREPORT "check-devel at lists dot sourceforge dot net"
| #define PACKAGE_URL ""
| #define STDC_HEADERS 1
| #define HAVE_SYS_TYPES_H 1
| #define HAVE_SYS_STAT_H 1
| #define HAVE_STDLIB_H 1
| #define HAVE_STRING_H 1
| #define HAVE_MEMORY_H 1
| #define HAVE_STRINGS_H 1
| #define HAVE_INTTYPES_H 1
| #define HAVE_STDINT_H 1
| #define HAVE_UNISTD_H 1
| #define __EXTENSIONS__ 1
| #define _ALL_SOURCE 1
| #define _GNU_SOURCE 1
| #define _POSIX_PTHREAD_SEMANTICS 1
| #define _TANDEM_SOURCE 1
| #define PACKAGE "check"
| #define VERSION "0.9.8"
| #define HAVE_DLFCN_H 1
| #define LT_OBJDIR ".libs/"
| #define STDC_HEADERS 1
| #define HAVE_SYS_WAIT_H 1
| #define HAVE_FCNTL_H 1
| #define HAVE_STDDEF_H 1
| #define HAVE_STDINT_H 1
| #define HAVE_STDLIB_H 1
| #define HAVE_STRING_H 1
| #define HAVE_SYS_TIME_H 1
| #define HAVE_UNISTD_H 1
| #define HAVE_LIBSUBUNIT 1
| #define ENABLE_SUBUNIT 1
| #define TIME_WITH_SYS_TIME 1
| #define SIZEOF_INT 4
| #define SIZEOF_SHORT 2
| #define SIZEOF_LONG 8
| #define HAVE_STDLIB_H 1
| #define HAVE_MALLOC 1
| #define HAVE_STDLIB_H 1
| #define HAVE_REALLOC 1
| #define HAVE_FILENO 1
| #define HAVE_LOCALTIME_R 1
| #define HAVE_PIPE 1
| #define HAVE_PUTENV 1
| #define HAVE_SETENV 1
| #define HAVE_SLEEP 1
| #define HAVE_STRDUP 1
| #define HAVE_STRSIGNAL 1
| #define HAVE_UNSETENV 1
| #define HAVE_DECL_FILENO 1
| #define HAVE_DECL_LOCALTIME_R 0
| #define HAVE_DECL_PIPE 1
| #define HAVE_DECL_PUTENV 1
| #define HAVE_DECL_SETENV 1
| #define HAVE_DECL_SLEEP 1
| #define HAVE_DECL_STRDUP 1
| #define HAVE_DECL_STRSIGNAL 1
| #define HAVE_DECL_UNSETENV 1
| /* end confdefs.h.  */
| #include <pthread.h>
| int
| main ()
| {
| pthread_t th; pthread_join(th, 0);
|                      pthread_attr_init(0); pthread_cleanup_push(0, 0);
|                      pthread_create(0,0,0,0); pthread_cleanup_pop(0);
|   ;
|   return 0;
| }
configure:13308: result: no
configure:13216: checking whether pthreads work with -pthread
configure:13299: gcc -o conftest -g -O2 -Wall -ansi -pedantic -Wextra -Wstrict-prototypes -Wmissing-prototypes -Wwrite-strings -Wno-variadic-macros -pthread   conftest.c  -lsubunit  >&5
conftest.c:67:1: warning: function declaration isn't a prototype [-Wstrict-prototypes]
 main ()
 ^~~~
conftest.c: In function 'main':
conftest.c:70:22: warning: null argument where non-null required (argument 1) [-Wnonnull]
                      pthread_attr_init(0); pthread_cleanup_push(0, 0);
                      ^~~~~~~~~~~~~~~~~
conftest.c:71:22: warning: null argument where non-null required (argument 1) [-Wnonnull]
                      pthread_create(0,0,0,0); pthread_cleanup_pop(0);
                      ^~~~~~~~~~~~~~
conftest.c:71:22: warning: null argument where non-null required (argument 3) [-Wnonnull]
conftest.c:69:15: warning: 'th' is used uninitialized in this function [-Wuninitialized]
 pthread_t th; pthread_join(th, 0);
               ^~~~~~~~~~~~~~~~~~~
configure:13299: $? = 0
configure:13308: result: yes
configure:13327: checking for joinable pthread attribute
configure:13342: gcc -o conftest -g -O2 -Wall -ansi -pedantic -Wextra -Wstrict-prototypes -Wmissing-prototypes -Wwrite-strings -Wno-variadic-macros -pthread   conftest.c  -lsubunit  >&5
conftest.c:67:1: warning: function declaration isn't a prototype [-Wstrict-prototypes]
 main ()
 ^~~~
configure:13342: $? = 0
configure:13348: result: PTHREAD_CREATE_JOINABLE
configure:13358: checking if more special flags are required for pthreads
configure:13365: result: no
configure:13590: creating ./config.status

## ---------------------- ##
## Running config.status. ##
## ---------------------- ##

This file was extended by Check config.status 0.9.8, which was
generated by GNU Autoconf 2.69.  Invocation command line was

  CONFIG_FILES    = 
  CONFIG_HEADERS  = 
  CONFIG_LINKS    = 
  CONFIG_COMMANDS = 
  $ ./config.status 

on malego-desktop

config.status:1129: creating check.pc
config.status:1129: creating Makefile
config.status:1129: creating doc/Makefile
config.status:1129: creating lib/Makefile
config.status:1129: creating src/check.h
config.status:1129: creating src/Makefile
config.status:1129: creating tests/Makefile
config.status:1129: creating tests/test_vars
config.status:1129: creating config.h
config.status:1358: executing depfiles commands
config.status:1358: executing libtool commands

## ---------------- ##
## Cache variables. ##
## ---------------- ##

ac_cv_build=x86_64-unknown-linux-gnu
ac_cv_c_compiler_gnu=yes
ac_cv_c_const=yes
ac_cv_cflags_warn_all_ansi='-Wall -ansi -pedantic'
ac_cv_env_CC_set=
ac_cv_env_CC_value=
ac_cv_env_CFLAGS_set=
ac_cv_env_CFLAGS_value=
ac_cv_env_CPPFLAGS_set=
ac_cv_env_CPPFLAGS_value=
ac_cv_env_CPP_set=
ac_cv_env_CPP_value=
ac_cv_env_LDFLAGS_set=
ac_cv_env_LDFLAGS_value=
ac_cv_env_LIBS_set=
ac_cv_env_LIBS_value=
ac_cv_env_build_alias_set=
ac_cv_env_build_alias_value=
ac_cv_env_host_alias_set=
ac_cv_env_host_alias_value=
ac_cv_env_target_alias_set=
ac_cv_env_target_alias_value=
ac_cv_func_fileno=yes
ac_cv_func_localtime_r=yes
ac_cv_func_malloc_0_nonnull=yes
ac_cv_func_pipe=yes
ac_cv_func_putenv=yes
ac_cv_func_realloc_0_nonnull=yes
ac_cv_func_setenv=yes
ac_cv_func_sleep=yes
ac_cv_func_strdup=yes
ac_cv_func_strsignal=yes
ac_cv_func_unsetenv=yes
ac_cv_have_decl_fileno=yes
ac_cv_have_decl_localtime_r=no
ac_cv_have_decl_pipe=yes
ac_cv_have_decl_putenv=yes
ac_cv_have_decl_setenv=yes
ac_cv_have_decl_sleep=yes
ac_cv_have_decl_strdup=yes
ac_cv_have_decl_strsignal=yes
ac_cv_have_decl_unsetenv=yes
ac_cv_header_dlfcn_h=yes
ac_cv_header_fcntl_h=yes
ac_cv_header_inttypes_h=yes
ac_cv_header_memory_h=yes
ac_cv_header_minix_config_h=no
ac_cv_header_stdc=yes
ac_cv_header_stddef_h=yes
ac_cv_header_stdint_h=yes
ac_cv_header_stdlib_h=yes
ac_cv_header_string_h=yes
ac_cv_header_strings_h=yes
ac_cv_header_subunit_child_h=yes
ac_cv_header_sys_stat_h=yes
ac_cv_header_sys_time_h=yes
ac_cv_header_sys_types_h=yes
ac_cv_header_sys_wait_h=yes
ac_cv_header_time=yes
ac_cv_header_unistd_h=yes
ac_cv_host=x86_64-unknown-linux-gnu
ac_cv_lib_subunit_subunit_test_start=yes
ac_cv_objext=o
ac_cv_path_EGREP='/bin/grep -E'
ac_cv_path_FGREP='/bin/grep -F'
ac_cv_path_GREP=/bin/grep
ac_cv_path_SED=/bin/sed
ac_cv_path_install='/usr/bin/install -c'
ac_cv_path_mkdir=/bin/mkdir
ac_cv_prog_AWK=gawk
ac_cv_prog_CPP='gcc -E'
ac_cv_prog_GCOV=gcov
ac_cv_prog_ac_ct_AR=ar
ac_cv_prog_ac_ct_CC=gcc
ac_cv_prog_ac_ct_OBJDUMP=objdump
ac_cv_prog_ac_ct_RANLIB=ranlib
ac_cv_prog_ac_ct_STRIP=strip
ac_cv_prog_cc_c89=
ac_cv_prog_cc_g=yes
ac_cv_prog_cc_gcc_c_o=yes
ac_cv_prog_make_make_set=yes
ac_cv_safe_to_define___extensions__=yes
ac_cv_sizeof_int=4
ac_cv_sizeof_long=8
ac_cv_sizeof_short=2
ac_cv_struct_tm=time.h
ac_cv_type_pid_t=yes
ac_cv_type_size_t=yes
am_cv_CC_dependencies_compiler_type=gcc3
ax_cv_c_check_flag__Wextra=yes
ax_cv_c_check_flag__Wmissing_prototypes=yes
ax_cv_c_check_flag__Wno_variadic_macros=yes
ax_cv_c_check_flag__Wstrict_prototypes=yes
ax_cv_c_check_flag__Wwrite_strings=yes
lt_cv_deplibs_check_method=pass_all
lt_cv_file_magic_cmd='$MAGIC_CMD'
lt_cv_file_magic_test_file=
lt_cv_ld_reload_flag=-r
lt_cv_nm_interface='BSD nm'
lt_cv_objdir=.libs
lt_cv_path_LD=/usr/bin/ld
lt_cv_path_NM='/usr/bin/nm -B'
lt_cv_prog_compiler_c_o=yes
lt_cv_prog_compiler_pic_works=yes
lt_cv_prog_compiler_rtti_exceptions=no
lt_cv_prog_compiler_static_works=yes
lt_cv_prog_gnu_ld=yes
lt_cv_sys_global_symbol_pipe='sed -n -e '\''s/^.*[	 ]\([ABCDGIRSTW][ABCDGIRSTW]*\)[	 ][	 ]*\([_A-Za-z][_A-Za-z0-9]*\)$/\1 \2 \2/p'\'''
lt_cv_sys_global_symbol_to_c_name_address='sed -n -e '\''s/^: \([^ ]*\) $/  {\"\1\", (void *) 0},/p'\'' -e '\''s/^[ABCDGIRSTW]* \([^ ]*\) \([^ ]*\)$/  {"\2", (void *) \&\2},/p'\'''
lt_cv_sys_global_symbol_to_c_name_address_lib_prefix='sed -n -e '\''s/^: \([^ ]*\) $/  {\"\1\", (void *) 0},/p'\'' -e '\''s/^[ABCDGIRSTW]* \([^ ]*\) \(lib[^ ]*\)$/  {"\2", (void *) \&\2},/p'\'' -e '\''s/^[ABCDGIRSTW]* \([^ ]*\) \([^ ]*\)$/  {"lib\2", (void *) \&\2},/p'\'''
lt_cv_sys_global_symbol_to_cdecl='sed -n -e '\''s/^T .* \(.*\)$/extern int \1();/p'\'' -e '\''s/^[ABCDGIRSTW]* .* \(.*\)$/extern char \1;/p'\'''
lt_cv_sys_max_cmd_len=1572864

## ----------------- ##
## Output variables. ##
## ----------------- ##

ACLOCAL='${SHELL} /home/malego/Projects/Bitcoin/lib/libart/deps/check-0.9.8/build-aux/missing --run aclocal-1.10'
AMDEPBACKSLASH='\'
AMDEP_FALSE='#'
AMDEP_TRUE=''
AMTAR='${SHELL} /home/malego/Projects/Bitcoin/lib/libart/deps/check-0.9.8/build-aux/missing --run tar'
AR='ar'
AUTOCONF='${SHELL} /home/malego/Projects/Bitcoin/lib/libart/deps/check-0.9.8/build-aux/missing --run autoconf'
AUTOHEADER='${SHELL} /home/malego/Projects/Bitcoin/lib/libart/deps/check-0.9.8/build-aux/missing --run autoheader'
AUTOMAKE='${SHELL} /home/malego/Projects/Bitcoin/lib/libart/deps/check-0.9.8/build-aux/missing --run automake-1.10'
AWK='gawk'
CC='gcc'
CCDEPMODE='depmode=gcc3'
CFLAGS='-g -O2 -Wall -ansi -pedantic -Wextra -Wstrict-prototypes -Wmissing-prototypes -Wwrite-strings -Wno-variadic-macros'
CHECK_MAJOR_VERSION='0'
CHECK_MICRO_VERSION='8'
CHECK_MINOR_VERSION='9'
CHECK_VERSION='0.9.8'
CPP='gcc -E'
CPPFLAGS=''
CYGPATH_W='echo'
DEFS='-DHAVE_CONFIG_H'
DEPDIR='.deps'
DSYMUTIL=''
DUMPBIN=''
ECHO_C=''
ECHO_N='-n'
ECHO_T=''
EGREP='/bin/grep -E'
ENABLE_GCOV_FALSE=''
ENABLE_GCOV_TRUE='#'
ENABLE_SUBUNIT='1'
EXEEXT=''
FGREP='/bin/grep -F'
GCOV='gcov'
GCOV_CFLAGS=''
GCOV_LIBS=''
GENHTML='false'
GREP='/bin/grep'
INSTALL_DATA='${INSTALL} -m 644'
INSTALL_PROGRAM='${INSTALL}'
INSTALL_SCRIPT='${INSTALL}'
INSTALL_STRIP_PROGRAM='$(install_sh) -c -s'
LCOV='false'
LD='/usr/bin/ld -m elf_x86_64'
LDFLAGS=''
LIBOBJS=''
LIBS='-lsubunit '
LIBTOOL='$(SHELL) $(top_builddir)/libtool'
LIPO=''
LN_S='ln -s'
LTLIBOBJS=''
MAKEINFO='${SHELL} /home/malego/Projects/Bitcoin/lib/libart/deps/check-0.9.8/build-aux/missing --run makeinfo'
MKDIR_P='/bin/mkdir -p'
NM='/usr/bin/nm -B'
NMEDIT=''
NO_TIMEOUT_TESTS_FALSE=''
NO_TIMEOUT_TESTS_TRUE='#'
OBJDUMP='objdump'
OBJEXT='o'
OTOOL64=''
OTOOL=''
PACKAGE='check'
PACKAGE_BUGREPORT='check-devel at lists dot sourceforge dot net'
PACKAGE_NAME='Check'
PACKAGE_STRING='Check 0.9.8'
PACKAGE_TARNAME='check'
PACKAGE_URL=''
PACKAGE_VERSION='0.9.8'
PATH_SEPARATOR=':'
PTHREAD_CC='gcc'
PTHREAD_CFLAGS='-pthread'
PTHREAD_LIBS=''
RANLIB='ranlib'
SED='/bin/sed'
SET_MAKE=''
SHELL='/bin/bash'
STRIP='strip'
SUBUNIT_FALSE='#'
SUBUNIT_TRUE=''
TEX='false'
VERSION='0.9.8'
ac_ct_CC='gcc'
ac_ct_DUMPBIN=''
acx_pthread_config=''
am__fastdepCC_FALSE='#'
am__fastdepCC_TRUE=''
am__include='include'
am__isrc=''
am__leading_dot='.'
am__quote=''
am__tar='${AMTAR} chof - "$$tardir"'
am__untar='${AMTAR} xf -'
bindir='${exec_prefix}/bin'
build='x86_64-unknown-linux-gnu'
build_alias=''
build_cpu='x86_64'
build_os='linux-gnu'
build_vendor='unknown'
datadir='${datarootdir}'
datarootdir='${prefix}/share'
docdir='${datarootdir}/doc/${PACKAGE_TARNAME}'
dvidir='${docdir}'
exec_prefix='${prefix}'
host='x86_64-unknown-linux-gnu'
host_alias=''
host_cpu='x86_64'
host_os='linux-gnu'
host_vendor='unknown'
htmldir='${docdir}'
includedir='${prefix}/include'
infodir='${datarootdir}/info'
install_sh='$(SHELL) /home/malego/Projects/Bitcoin/lib/libart/deps/check-0.9.8/build-aux/install-sh'
libdir='${exec_prefix}/lib'
libexecdir='${exec_prefix}/libexec'
localedir='${datarootdir}/locale'
localstatedir='${prefix}/var'
lt_ECHO='echo'
mandir='${datarootdir}/man'
mkdir_p='/bin/mkdir -p'
oldincludedir='/usr/include'
pdfdir='${docdir}'
prefix='/usr/local'
program_transform_name='s,x,x,'
psdir='${docdir}'
runstatedir='${localstatedir}/run'
sbindir='${exec_prefix}/sbin'
sharedstatedir='${prefix}/com'
sysconfdir='${prefix}/etc'
target_alias=''

## ----------- ##
## confdefs.h. ##
## ----------- ##

/* confdefs.h */
#define PACKAGE_NAME "Check"
#define PACKAGE_TARNAME "check"
#define PACKAGE_VERSION "0.9.8"
#define PACKAGE_STRING "Check 0.9.8"
#define PACKAGE_BUGREPORT "check-devel at lists dot sourceforge dot net"
#define PACKAGE_URL ""
#define STDC_HEADERS 1
#define HAVE_SYS_TYPES_H 1
#define HAVE_SYS_STAT_H 1
#define HAVE_STDLIB_H 1
#define HAVE_STRING_H 1
#define HAVE_MEMORY_H 1
#define HAVE_STRINGS_H 1
#define HAVE_INTTYPES_H 1
#define HAVE_STDINT_H 1
#define HAVE_UNISTD_H 1
#define __EXTENSIONS__ 1
#define _ALL_SOURCE 1
#define _GNU_SOURCE 1
#define _POSIX_PTHREAD_SEMANTICS 1
#define _TANDEM_SOURCE 1
#define PACKAGE "check"
#define VERSION "0.9.8"
#define HAVE_DLFCN_H 1
#define LT_OBJDIR ".libs/"
#define STDC_HEADERS 1
#define HAVE_SYS_WAIT_H 1
#define HAVE_FCNTL_H 1
#define HAVE_STDDEF_H 1
#define HAVE_STDINT_H 1
#define HAVE_STDLIB_H 1
#define HAVE_STRING_H 1
#define HAVE_SYS_TIME_H 1
#define HAVE_UNISTD_H 1
#define HAVE_LIBSUBUNIT 1
#define ENABLE_SUBUNIT 1
#define TIME_WITH_SYS_TIME 1
#define SIZEOF_INT 4
#define SIZEOF_SHORT 2
#define SIZEOF_LONG 8
#define HAVE_STDLIB_H 1
#define HAVE_MALLOC 1
#define HAVE_STDLIB_H 1
#define HAVE_REALLOC 1
#define HAVE_FILENO 1
#define HAVE_LOCALTIME_R 1
#define HAVE_PIPE 1
#define HAVE_PUTENV 1
#define HAVE_SETENV 1
#define HAVE_SLEEP 1
#define HAVE_STRDUP 1
#define HAVE_STRSIGNAL 1
#define HAVE_UNSETENV 1
#define HAVE_DECL_FILENO 1
#define HAVE_DECL_LOCALTIME_R 0
#define HAVE_DECL_PIPE 1
#define HAVE_DECL_PUTENV 1
#define HAVE_DECL_SETENV 1
#define HAVE_DECL_SLEEP 1
#define HAVE_DECL_STRDUP 1
#define HAVE_DECL_STRSIGNAL 1
#define HAVE_DECL_UNSETENV 1
#define HAVE_PTHREAD 1

configure: exit 0
